[debug] [2018-07-13T15:35:50.492Z] ----------------------------------------------------------------------
[debug] [2018-07-13T15:35:50.495Z] Command:       /usr/local/bin/node /usr/local/bin/firebase deploy
[debug] [2018-07-13T15:35:50.496Z] CLI Version:   3.17.4
[debug] [2018-07-13T15:35:50.496Z] Platform:      darwin
[debug] [2018-07-13T15:35:50.496Z] Node Version:  v7.5.0
[debug] [2018-07-13T15:35:50.497Z] Time:          Fri Jul 13 2018 23:35:50 GMT+0800 (+08)
[debug] [2018-07-13T15:35:50.497Z] ----------------------------------------------------------------------
[debug] 
[debug] [2018-07-13T15:35:50.517Z] > command requires scopes: ["email","openid","https://www.googleapis.com/auth/cloudplatformprojects.readonly","https://www.googleapis.com/auth/firebase","https://www.googleapis.com/auth/cloud-platform"]
[debug] [2018-07-13T15:35:50.517Z] > authorizing via signed-in user
[debug] [2018-07-13T15:35:50.520Z] >>> HTTP REQUEST GET https://admin.firebase.com/v1/projects/makers-kitchen  
  
 Fri Jul 13 2018 23:35:50 GMT+0800 (+08)
[debug] [2018-07-13T15:35:51.800Z] <<< HTTP RESPONSE 200
[debug] [2018-07-13T15:35:51.802Z] >>> HTTP REQUEST GET https://admin.firebase.com/v1/database/makers-kitchen/tokens  
  
 Fri Jul 13 2018 23:35:51 GMT+0800 (+08)
[debug] [2018-07-13T15:35:52.798Z] <<< HTTP RESPONSE 200
[info] 
[info] === Deploying to 'makers-kitchen'...
[info] 
[info] i  deploying hosting
[info] i  hosting: preparing public directory for upload...
[debug] [2018-07-13T15:35:56.273Z] >>> HTTP REQUEST PUT https://deploy.firebase.com/v1/hosting/makers-kitchen/uploads/-LHJHBKVI9Q3H01cEcgt?fileCount=773&message=  
  
 Fri Jul 13 2018 23:35:56 GMT+0800 (+08)
